Oath, The
Obitus
Obliterator
Oblivion
Obsession
Odyssey
Off Shore Warrior
Ogre
Oh No! More Lemmings
Oil Imperium
Oil Imperium DE
Oktagon
Omega
Omnicron Conspiracy
One on One
One Step Beyond
Onslaught
Ooops Up
Ooze
Ooze DE
Operation: Cleanstreets
Operation Combat II: By Land, Sea & Air
Operation Firestorm
Operation GII Demo
Operation Harrier
Operation Jupiter FR
Operation Neptune
Operation Stealth
Operation Stealth DE
Operation Stealth ES
Operation Stealth FR
Operation Stealth IT
Operation Thunderbolt
Operation Wolf
Orbital Destroyer
Oriental Games
Ork
Ork Attack: The Return
Ork Demo
Ork NTSC
Oscar AGA
Oscar CD32
OsWALD of the Ice Floes
Out of this World
Out Run Europa
Out Run
Out Run
Outzone
Overdrive
Overdrive
Overdrive
Overkill AGA
Overlander
Overlord
Overlord
Over the Net
Oxxonian