K240
Kajko i Kokosz
Kamikaze
Karate Kid Part II, The
Karate King CityDefence CityDefense
Karting Grand Prix
Katakis 2Disk
Keef the Thief
Kelly X
Kennedy Approach
Keys to Maramon, The
KGB
Khalaan
Kick Off
Kick Off ExtraTime 2Disk
Kick Off 2
Kick Off 2
Kick Off 2: The Final Whistle
Kick Off 2
Kick Off 2: Return to Europe
Kick Off 3
Kick Off 3: European Challenge
Kick Off 3 European Challenge AGA
Kick Off 96
Kid Chaos
Kid Gloves
Kid Gloves II
Kikstart II
Kikugi
Killerball
Killing Cloud, The
Killing Game Show, The
Killing Machine
Kingmaker: The Quest for the Crown
King of Chicago, The
Kingpin: Arcade Sports Series Bowling
King's Quest
King's Quest II
King's Quest III: To Heir is Human
King's Quest IV
King's Quest V
King's Quest VI
King's Quest: Quest for the Crown
Kiro's Quest
Klax
Knight Force
Knightmare
Knight Orc
Knights of the Crystallion
Knights of the Sky
Kristal, The
Krusty's Super Fun House
Krypton Egg
Kult
Kwasimodo
Kwik Snax
King's Table: The Legend of Ragnarok