1000cc Turbo	0-9/1000cc Turbo	A-Games:0-9/1000ccTurbo/1000ccTurbo.Slave
1000 Miglia	0-9/1000 Miglia	A-Games:0-9/1000Miglia/1000Miglia.Slave
1869	0-9/1869	A-Games:0-9/1869/1869.Slave
1869 AGA	0-9/1869 AGA	A-Games:0-9/1869AGA/1869AGA.Slave
1869 DE AGA	0-9/1869 DE AGA	A-Games:0-9/1869AGADe/1869AGADe.Slave
1869 DE	0-9/1869 DE	A-Games:0-9/1869De/1869De.Slave
1869 PL	0-9/1869 PL	A-Games:0-9/1869Pl/1869Pl.Slave
1943: The Battle of Midway	0-9/1943 The Battle of Midway	A-Games:0-9/1943/1943.slave
1st Division Manager	0-9/1st Division Manager	A-Games:0-9/1stDivisionManager/1stDivisionManager.Slave
20000 Leagues under the Sea	0-9/20000 Leagues under the Se	A-Games:0-9/20000LeaguesUnderTheSea/20000LeaguesUnderTheSea.Slave
3001: O'Connors Fight	0-9/3001 OConnors Fight	A-Games:0-9/3001OConnorsFight/3001OConnorsFight.Slave
3D Construction Kit	0-9/3D Construction Kit	A-Games:0-9/3DConstructionKit/3DConstructionKit.Slave
3D Galax	0-9/3D Galax	A-Games:0-9/3DGalax/3DGalax.Slave
3D Pool 3DPictures	0-9/3D Pool 3DPictures	A-Games:0-9/3DPool/3DPictures.Slave
3D Pool	0-9/3D Pool	A-Games:0-9/3DPool/3DPool.Slave
3D World Soccer	0-9/3D World Soccer	A-Games:0-9/3DWorldSoccer/3DWorldSoccer.Slave
3D World Tennis	0-9/3D World Tennis	A-Games:0-9/3DWorldTennis/3DWorldTennis.Slave
4D Sports Boxing	0-9/4D Sports Boxing	A-Games:0-9/4DSportsBoxing/4DSportsBoxing.Slave
4D Sports Driving	0-9/4D Sports Driving	A-Games:0-9/4DSportsDriving/4DSportsDriving.Slave
4D Sports Driving MstrTrcks	0-9/4D Sports Driving MstrTrck	A-Games:0-9/4DSportsDriving&MstrTrcks/4DSportsDriving&MstrTrcks.Slave
4th & Inches	0-9/4th Inches	A-Games:0-9/4th&Inches/4th&Inches.slave
4x4 Off-Road Racing NTSC	0-9/4x4 Off-Road Racing NTSC	A-Games:0-9/4x4OffRoadRacingNTSC/4x4OffRoadRacingNTSC.Slave
5th Gear	0-9/5th Gear	A-Games:0-9/5thGear/5thGear.Slave
688 Attack Sub	0-9/688 Attack Sub	A-Games:0-9/688AttackSub/688AttackSub.Slave
7 Colors	0-9/7 Colors	A-Games:0-9/7Colors/7Colors.Slave
9 Lives	0-9/9 Lives	A-Games:0-9/9Lives/9Lives.Slave