Vector Championship Run
Voyageurs Du Temps, Les: La Menace NTSC
Vader
Valhalla: Before the War
Valhalla and the Lord of Infinity
Vampire's Empire
Vaxine
Vectorball
Vegas Gambler
Venom Wing
Venus: The Flytrap
Venus: The Flytrap NoIntro
Vermeer DE
Viaje al Centro de la Tierra .old ES
Viaje al Centro de la Tierra ES
Victory Road
Videokid
Vigilante
Vindicators
Violator
Virocop
Virocop 2Meg
Virocop AGA
Virtual Karting II AGA
Virtual Karting II CD AGA
Virtual Karting II AGA Demo
Virtual Karting AGA
Virtual Karting AGA Demo
Virus
Vital Light
Vixen
Viz
Volfied
Voodoo Nightmare
Voyager
Voyages of Discovery
Voyageurs Du Temps, Les: La Menace FR
Vroom
Vroom DataDisk
Vroom DataDisk
Vroom Multi-Player
Vyper
Vyrus