Oath, The
Obitus
Obliterator
Oblivion
Obsession
Odyssey
Off Shore Warrior
Ogre
Oh No! More Lemmings
Oil Imperium
Oktagon
Omega
Omnicron Conspiracy
One on One
One Step Beyond
Onslaught
Ooops Up
Ooze
Operation: Cleanstreets
Operation Combat II: By Land, Sea & Air
Operation Firestorm
Operation GII Demo
Operation Harrier
Operation Neptune
Operation Stealth
Operation Thunderbolt
Operation Wolf
Orbital Destroyer
Oriental Games
Ork
Ork Attack: The Return
Oscar AGA
OsWALD of the Ice Floes
Out of this World
Out Run Europa
Out Run
Out Run
Outzone
Overdrive
Overdrive
Overdrive
Overkill AGA
Overlander
Overlord
Overlord
Over the Net
Oxxonian