Nam 1965-1975
Narc
Narco Police
Naughty Ones AGA
Navy Moves
Navy Seals
Nebulus
Nebulus 2
Necronom
Neighbours
Netherworld
Neuromancer
Neuronics
Neverending Story II, The
Nevermind
New Year Lemmings 1991/92
New York Warriors
Newzealand Story, The
Nick Faldo's Championship Golf
Nicky II
Nicky Boom
Nigel Mansell's Grand Prix
Nigel Mansell's World Championship AGA
Nightbreed: The Action Game
Night Breed: The Interactive Movie
Nightdawn
Night Hunter
Night Shift
Ninja Mission
Ninja Mission
Ninja Rabbits
Ninja Remix
Ninja Spirit
Ninja Warriors, The
Nippon Safes Inc.
Nitro
Nitro Boost Challenge
Nobby the Aardvark
No Buddies Land
No Excuses
No Exit
North & South Image
No Second Prize
Not Very Festive Fodder
Nova 9: The Return of Gir Draxon
Nuclear War
Nucleus
Nuxelia AGA Demo