UFO: Enemy Unknown AGA
UFO: Enemy Unknown CD32
Ugh!
Ultima III: Exodus
Ultima IV: Quest of the Avatar
Ultima V: Warriors of Destiny
Ultima VI: The False Prophet
Ultimate Body Blows CD32
Ultimate Pinball Quest, The
Ultimate Ride, The
UMS II (Universal Military Simulator II): Nations At War
Under Pressure
Uninvited
UMS (Universal Military Simulator)
Universal Monsters
Universal Warrior
Universe
Universe 3
Universe CD32
Unreal
Unreal NTSC
Unsensible Soccer
UN Squadron
Untouchables, The
Up Scope
Up Scope
Uridium 2 1MB
Uridium 2 2MB
U.S.S. John Young
Utopia
Utopia NewWorlds