Werner Flaschbier
Werner Flaschbier NoIntro
World Class Leader Board
Wacky Darts
Wacky Races
Wacus the Detective PL
Walker Crunched
Walker NoSpeech Crunched
Walker NoSpeech Decrunched
Walker Decrunched
Wall, The
Wanderer 3D
Wanted
Warhead
War in Middle Earth
War in the Gulf
Warlock's Quest
Warlock: The Avenger
Warlords
War Machine
Warm Up
Warp
War Zone
War Zone
War Zone
Watchtower AGA
Waterloo
Waxworks
Waxworks DE
Waxworks FR
Wayne Gretzky Hockey
Wayne Gretzky Hockey II
World Class Leader Board
World Class Leader Board DataDisk
Web of Terror
Ween: The Prophecy
Ween: The Prophecy DE
Ween: The Prophecy ES
Ween: The Prophecy FR
Ween: The Prophecy IT
Weird Dreams
Welltris
Wembley International Soccer
Wembley International Soccer AGA AGA
Wembley Rugby League
Western Games
Western Games
West Phaser
Wheels on Fire AGA
Where Time Stood Still
Whirligig
Whirligig Cracked
White Death: Battle for Velikiye Luki, November 1942
Whizz
Whizz AGA
Who Framed Roger Rabbit
Wibble World Giddy: Wibble Mania!
Wicked
Where in Europe is Carmen Sandiego?
Wild Cup Soccer
Wild Streets
Wild West World
Wild West World DE
Wild Wheels
Window Wizard Files
Window Wizard Image
Wind Surf Willy
Wind Surf Willy FAST
Wind Surf Willy FR FAST
Wind Surf Willy FR
Windwalker
Wing Commander
Wing Commander CD32
Wing Commander DE
Wings
Wings of Death
Wings of Fury
Winnie the Pooh in the Hundred Acre Wood
Winning Post
Winter Camp
Winter Challenge: World Class Competition
Winter Games
Winter Olympiad 88
Winter Olympics
Winter Supersports 92
Winzer
Winzer DE CDTV
Winzer DE
Wisielec PL
Where in the USA is Carmen Sandiego?
Where in the World is Carmen Sandiego?
Wizardry: Bane of the Cosmic Forge
Wizardry: Bane of the Cosmic Forge DE
Wizball
Wizkid
Wiz 'n' Liz
Wolfchild
Wolfpack
Wonderboy in Monsterland
Wonder Dog
Wonderland
Woody's World
World Championship Boxing Manager
World Championship Soccer WorldChampSoccer
World Circuit
World Class Rugby
World Class Rugby: Five Nations Edition
World Class Rugby '95
World Cricket
World Cup 90
World Darts
World Darts
World Games
World Rugby
World Soccer
Worlds of Legend: Son of the Empire
World Tour Golf
World Trophy Soccer
Worms 1MB
Worms 2MB
Worms CD32 1MB
Worms CD32 2MB
Worms: The Director's Cut AGA
Wormsigns
W Potrzasku PL
Wrath of the Demon
Wrath of the Demon CDTV
Wreckers
WWF European Rampage Tour
WWF WrestleMania